{"C:\\Users\\johnw\\OneDrive\\Desktop\\GitHub Repos\\next-nebula-starter\\app\\error.tsx": {"path":"C:\\Users\\johnw\\OneDrive\\Desktop\\GitHub Repos\\next-nebula-starter\\app\\error.tsx","statementMap":{"0":{"start":{"line":12,"column":24},"end":{"line":12,"column":30}},"1":{"start":{"line":3,"column":26},"end":{"line":3,"column":null}},"2":{"start":{"line":4,"column":23},"end":{"line":4,"column":null}},"3":{"start":{"line":5,"column":29},"end":{"line":5,"column":null}},"4":{"start":{"line":8,"column":21},"end":{"line":10,"column":null}},"5":{"start":{"line":19,"column":2},"end":{"line":21,"column":null}},"6":{"start":{"line":20,"column":4},"end":{"line":20,"column":null}}},"fnMap":{"0":{"name":"(anonymous_1)","decl":{"start":{"line":8,"column":21},"end":{"line":8,"column":22}},"loc":{"start":{"line":8,"column":95},"end":{"line":10,"column":null}}},"1":{"name":"Error","decl":{"start":{"line":12,"column":24},"end":{"line":12,"column":30}},"loc":{"start":{"line":18,"column":1},"end":{"line":32,"column":null}}},"2":{"name":"(anonymous_3)","decl":{"start":{"line":19,"column":12},"end":{"line":19,"column":null}},"loc":{"start":{"line":19,"column":12},"end":{"line":21,"column":5}}}},"branchMap":{},"s":{"0":0,"1":0,"2":0,"3":0,"4":0,"5":0,"6":0},"f":{"0":0,"1":0,"2":0},"b":{}}
,"C:\\Users\\johnw\\OneDrive\\Desktop\\GitHub Repos\\next-nebula-starter\\app\\home.tsx": {"path":"C:\\Users\\johnw\\OneDrive\\Desktop\\GitHub Repos\\next-nebula-starter\\app\\home.tsx","statementMap":{"0":{"start":{"line":61,"column":30},"end":{"line":61,"column":null}},"1":{"start":{"line":4,"column":25},"end":{"line":4,"column":null}},"2":{"start":{"line":5,"column":32},"end":{"line":5,"column":null}},"3":{"start":{"line":18,"column":17},"end":{"line":18,"column":null}},"4":{"start":{"line":19,"column":23},"end":{"line":19,"column":null}},"5":{"start":{"line":20,"column":21},"end":{"line":20,"column":null}},"6":{"start":{"line":21,"column":28},"end":{"line":21,"column":null}},"7":{"start":{"line":22,"column":18},"end":{"line":22,"column":null}},"8":{"start":{"line":23,"column":23},"end":{"line":23,"column":null}},"9":{"start":{"line":24,"column":89},"end":{"line":24,"column":null}},"10":{"start":{"line":25,"column":22},"end":{"line":25,"column":null}},"11":{"start":{"line":8,"column":19},"end":{"line":8,"column":null}},"12":{"start":{"line":9,"column":32},"end":{"line":9,"column":null}},"13":{"start":{"line":10,"column":2},"end":{"line":12,"column":null}},"14":{"start":{"line":11,"column":4},"end":{"line":11,"column":null}},"15":{"start":{"line":13,"column":2},"end":{"line":13,"column":null}},"16":{"start":{"line":27,"column":17},"end":{"line":48,"column":null}},"17":{"start":{"line":50,"column":21},"end":{"line":59,"column":null}},"18":{"start":{"line":62,"column":2},"end":{"line":62,"column":null}},"19":{"start":{"line":127,"column":18},"end":{"line":127,"column":48}},"20":{"start":{"line":163,"column":20},"end":{"line":164,"column":null}},"21":{"start":{"line":217,"column":24},"end":{"line":218,"column":null}}},"fnMap":{"0":{"name":"checkSession","decl":{"start":{"line":7,"column":15},"end":{"line":7,"column":null}},"loc":{"start":{"line":7,"column":15},"end":{"line":14,"column":null}}},"1":{"name":"HomeClient","decl":{"start":{"line":61,"column":30},"end":{"line":61,"column":null}},"loc":{"start":{"line":61,"column":30},"end":{"line":290,"column":null}}},"2":{"name":"(anonymous_4)","decl":{"start":{"line":126,"column":34},"end":{"line":126,"column":35}},"loc":{"start":{"line":127,"column":18},"end":{"line":127,"column":48}}},"3":{"name":"(anonymous_5)","decl":{"start":{"line":162,"column":32},"end":{"line":162,"column":33}},"loc":{"start":{"line":163,"column":20},"end":{"line":164,"column":null}}},"4":{"name":"(anonymous_6)","decl":{"start":{"line":216,"column":52},"end":{"line":216,"column":53}},"loc":{"start":{"line":217,"column":24},"end":{"line":218,"column":null}}}},"branchMap":{"0":{"loc":{"start":{"line":10,"column":2},"end":{"line":12,"column":null}},"type":"if","locations":[{"start":{"line":10,"column":2},"end":{"line":12,"column":null}}]}},"s":{"0":0,"1":0,"2":0,"3":0,"4":0,"5":0,"6":0,"7":0,"8":0,"9":0,"10":0,"11":0,"12":0,"13":0,"14":0,"15":0,"16":0,"17":0,"18":0,"19":0,"20":0,"21":0},"f":{"0":0,"1":0,"2":0,"3":0,"4":0},"b":{"0":[0]}}
,"C:\\Users\\johnw\\OneDrive\\Desktop\\GitHub Repos\\next-nebula-starter\\app\\loading.tsx": {"path":"C:\\Users\\johnw\\OneDrive\\Desktop\\GitHub Repos\\next-nebula-starter\\app\\loading.tsx","statementMap":{"0":{"start":{"line":3,"column":24},"end":{"line":3,"column":null}},"1":{"start":{"line":1,"column":25},"end":{"line":1,"column":null}}},"fnMap":{"0":{"name":"Loading","decl":{"start":{"line":3,"column":24},"end":{"line":3,"column":null}},"loc":{"start":{"line":3,"column":24},"end":{"line":14,"column":null}}}},"branchMap":{},"s":{"0":0,"1":0},"f":{"0":0},"b":{}}
,"C:\\Users\\johnw\\OneDrive\\Desktop\\GitHub Repos\\next-nebula-starter\\app\\not-found.tsx": {"path":"C:\\Users\\johnw\\OneDrive\\Desktop\\GitHub Repos\\next-nebula-starter\\app\\not-found.tsx","statementMap":{"0":{"start":{"line":4,"column":24},"end":{"line":4,"column":null}},"1":{"start":{"line":1,"column":17},"end":{"line":1,"column":null}},"2":{"start":{"line":2,"column":23},"end":{"line":2,"column":null}}},"fnMap":{"0":{"name":"NotFound","decl":{"start":{"line":4,"column":24},"end":{"line":4,"column":null}},"loc":{"start":{"line":4,"column":24},"end":{"line":16,"column":null}}}},"branchMap":{},"s":{"0":0,"1":0,"2":0},"f":{"0":0},"b":{}}
,"C:\\Users\\johnw\\OneDrive\\Desktop\\GitHub Repos\\next-nebula-starter\\app\\supabase-server.ts": {"path":"C:\\Users\\johnw\\OneDrive\\Desktop\\GitHub Repos\\next-nebula-starter\\app\\supabase-server.ts","statementMap":{"0":{"start":{"line":39,"column":9},"end":{"line":39,"column":null}},"1":{"start":{"line":8,"column":22},"end":{"line":8,"column":48}},"2":{"start":{"line":12,"column":22},"end":{"line":12,"column":32}},"3":{"start":{"line":25,"column":22},"end":{"line":25,"column":36}},"4":{"start":{"line":3,"column":44},"end":{"line":3,"column":null}},"5":{"start":{"line":4,"column":24},"end":{"line":4,"column":null}},"6":{"start":{"line":9,"column":2},"end":{"line":9,"column":null}},"7":{"start":{"line":13,"column":19},"end":{"line":13,"column":null}},"8":{"start":{"line":14,"column":2},"end":{"line":22,"column":null}},"9":{"start":{"line":17,"column":8},"end":{"line":17,"column":null}},"10":{"start":{"line":18,"column":4},"end":{"line":18,"column":null}},"11":{"start":{"line":20,"column":4},"end":{"line":20,"column":null}},"12":{"start":{"line":21,"column":4},"end":{"line":21,"column":null}},"13":{"start":{"line":26,"column":19},"end":{"line":26,"column":null}},"14":{"start":{"line":27,"column":2},"end":{"line":35,"column":null}},"15":{"start":{"line":30,"column":8},"end":{"line":30,"column":null}},"16":{"start":{"line":31,"column":4},"end":{"line":31,"column":null}},"17":{"start":{"line":33,"column":4},"end":{"line":33,"column":null}},"18":{"start":{"line":34,"column":4},"end":{"line":34,"column":null}}},"fnMap":{"0":{"name":"createServerSupabaseClient","decl":{"start":{"line":8,"column":22},"end":{"line":8,"column":48}},"loc":{"start":{"line":8,"column":22},"end":{"line":10,"column":null}}},"1":{"name":"getSession","decl":{"start":{"line":12,"column":22},"end":{"line":12,"column":32}},"loc":{"start":{"line":12,"column":22},"end":{"line":23,"column":null}}},"2":{"name":"getUserDetails","decl":{"start":{"line":25,"column":22},"end":{"line":25,"column":36}},"loc":{"start":{"line":25,"column":22},"end":{"line":36,"column":null}}}},"branchMap":{},"s":{"0":0,"1":0,"2":0,"3":0,"4":0,"5":0,"6":0,"7":0,"8":0,"9":0,"10":0,"11":0,"12":0,"13":0,"14":0,"15":0,"16":0,"17":0,"18":0},"f":{"0":0,"1":0,"2":0},"b":{}}
,"C:\\Users\\johnw\\OneDrive\\Desktop\\GitHub Repos\\next-nebula-starter\\app\\(auth)\\login\\login-content.tsx": {"path":"C:\\Users\\johnw\\OneDrive\\Desktop\\GitHub Repos\\next-nebula-starter\\app\\(auth)\\login\\login-content.tsx","statementMap":{"0":{"start":{"line":7,"column":16},"end":{"line":7,"column":null}},"1":{"start":{"line":3,"column":17},"end":{"line":3,"column":null}},"2":{"start":{"line":4,"column":27},"end":{"line":4,"column":null}},"3":{"start":{"line":5,"column":23},"end":{"line":5,"column":null}}},"fnMap":{"0":{"name":"LoginContent","decl":{"start":{"line":7,"column":16},"end":{"line":7,"column":null}},"loc":{"start":{"line":7,"column":16},"end":{"line":30,"column":null}}}},"branchMap":{},"s":{"0":0,"1":0,"2":0,"3":0},"f":{"0":0},"b":{}}
,"C:\\Users\\johnw\\OneDrive\\Desktop\\GitHub Repos\\next-nebula-starter\\app\\(auth)\\register\\register-content.tsx": {"path":"C:\\Users\\johnw\\OneDrive\\Desktop\\GitHub Repos\\next-nebula-starter\\app\\(auth)\\register\\register-content.tsx","statementMap":{"0":{"start":{"line":7,"column":16},"end":{"line":7,"column":null}},"1":{"start":{"line":3,"column":17},"end":{"line":3,"column":null}},"2":{"start":{"line":4,"column":27},"end":{"line":4,"column":null}},"3":{"start":{"line":5,"column":23},"end":{"line":5,"column":null}}},"fnMap":{"0":{"name":"RegisterContent","decl":{"start":{"line":7,"column":16},"end":{"line":7,"column":null}},"loc":{"start":{"line":7,"column":16},"end":{"line":30,"column":null}}}},"branchMap":{},"s":{"0":0,"1":0,"2":0,"3":0},"f":{"0":0},"b":{}}
,"C:\\Users\\johnw\\OneDrive\\Desktop\\GitHub Repos\\next-nebula-starter\\app\\auth\\callback\\route.ts": {"path":"C:\\Users\\johnw\\OneDrive\\Desktop\\GitHub Repos\\next-nebula-starter\\app\\auth\\callback\\route.ts","statementMap":{"0":{"start":{"line":5,"column":22},"end":{"line":5,"column":26}},"1":{"start":{"line":1,"column":41},"end":{"line":1,"column":null}},"2":{"start":{"line":2,"column":24},"end":{"line":2,"column":null}},"3":{"start":{"line":3,"column":42},"end":{"line":3,"column":null}},"4":{"start":{"line":6,"column":21},"end":{"line":6,"column":null}},"5":{"start":{"line":7,"column":15},"end":{"line":7,"column":null}},"6":{"start":{"line":9,"column":4},"end":{"line":9,"column":null}},"7":{"start":{"line":11,"column":2},"end":{"line":21,"column":null}},"8":{"start":{"line":12,"column":24},"end":{"line":12,"column":null}},"9":{"start":{"line":13,"column":21},"end":{"line":13,"column":null}},"10":{"start":{"line":13,"column":63},"end":{"line":13,"column":75}},"11":{"start":{"line":15,"column":4},"end":{"line":20,"column":null}},"12":{"start":{"line":16,"column":6},"end":{"line":16,"column":null}},"13":{"start":{"line":18,"column":6},"end":{"line":18,"column":null}},"14":{"start":{"line":19,"column":6},"end":{"line":19,"column":null}},"15":{"start":{"line":24,"column":2},"end":{"line":24,"column":null}}},"fnMap":{"0":{"name":"GET","decl":{"start":{"line":5,"column":22},"end":{"line":5,"column":26}},"loc":{"start":{"line":5,"column":46},"end":{"line":25,"column":null}}},"1":{"name":"(anonymous_2)","decl":{"start":{"line":13,"column":57},"end":{"line":13,"column":63}},"loc":{"start":{"line":13,"column":63},"end":{"line":13,"column":75}}}},"branchMap":{"0":{"loc":{"start":{"line":9,"column":4},"end":{"line":9,"column":null}},"type":"binary-expr","locations":[{"start":{"line":9,"column":4},"end":{"line":9,"column":53}},{"start":{"line":9,"column":53},"end":{"line":9,"column":null}}]},"1":{"loc":{"start":{"line":11,"column":2},"end":{"line":21,"column":null}},"type":"if","locations":[{"start":{"line":11,"column":2},"end":{"line":21,"column":null}}]}},"s":{"0":0,"1":0,"2":0,"3":0,"4":0,"5":0,"6":0,"7":0,"8":0,"9":0,"10":0,"11":0,"12":0,"13":0,"14":0,"15":0},"f":{"0":0,"1":0},"b":{"0":[0,0],"1":[0]}}
,"C:\\Users\\johnw\\OneDrive\\Desktop\\GitHub Repos\\next-nebula-starter\\app\\auth\\signout\\route.ts": {"path":"C:\\Users\\johnw\\OneDrive\\Desktop\\GitHub Repos\\next-nebula-starter\\app\\auth\\signout\\route.ts","statementMap":{"0":{"start":{"line":5,"column":22},"end":{"line":5,"column":27}},"1":{"start":{"line":1,"column":41},"end":{"line":1,"column":null}},"2":{"start":{"line":2,"column":24},"end":{"line":2,"column":null}},"3":{"start":{"line":3,"column":29},"end":{"line":3,"column":null}},"4":{"start":{"line":6,"column":22},"end":{"line":6,"column":null}},"5":{"start":{"line":7,"column":19},"end":{"line":7,"column":null}},"6":{"start":{"line":7,"column":61},"end":{"line":7,"column":73}},"7":{"start":{"line":10,"column":2},"end":{"line":10,"column":null}},"8":{"start":{"line":12,"column":2},"end":{"line":14,"column":null}}},"fnMap":{"0":{"name":"POST","decl":{"start":{"line":5,"column":22},"end":{"line":5,"column":27}},"loc":{"start":{"line":5,"column":43},"end":{"line":15,"column":null}}},"1":{"name":"(anonymous_2)","decl":{"start":{"line":7,"column":55},"end":{"line":7,"column":61}},"loc":{"start":{"line":7,"column":61},"end":{"line":7,"column":73}}}},"branchMap":{},"s":{"0":0,"1":0,"2":0,"3":0,"4":0,"5":0,"6":0,"7":0,"8":0},"f":{"0":0,"1":0},"b":{}}
,"C:\\Users\\johnw\\OneDrive\\Desktop\\GitHub Repos\\next-nebula-starter\\app\\dashboard\\dashboard-content.tsx": {"path":"C:\\Users\\johnw\\OneDrive\\Desktop\\GitHub Repos\\next-nebula-starter\\app\\dashboard\\dashboard-content.tsx","statementMap":{"0":{"start":{"line":17,"column":16},"end":{"line":17,"column":33}},"1":{"start":{"line":4,"column":23},"end":{"line":4,"column":null}},"2":{"start":{"line":11,"column":7},"end":{"line":11,"column":null}},"3":{"start":{"line":18,"column":16},"end":{"line":18,"column":26}},"4":{"start":{"line":19,"column":21},"end":{"line":19,"column":null}},"5":{"start":{"line":20,"column":22},"end":{"line":20,"column":null}}},"fnMap":{"0":{"name":"DashboardContent","decl":{"start":{"line":17,"column":16},"end":{"line":17,"column":33}},"loc":{"start":{"line":17,"column":64},"end":{"line":99,"column":null}}}},"branchMap":{"0":{"loc":{"start":{"line":19,"column":30},"end":{"line":19,"column":58}},"type":"binary-expr","locations":[{"start":{"line":19,"column":30},"end":{"line":19,"column":50}},{"start":{"line":19,"column":54},"end":{"line":19,"column":58}}]}},"s":{"0":0,"1":0,"2":0,"3":0,"4":0,"5":0},"f":{"0":0},"b":{"0":[0,0]}}
,"C:\\Users\\johnw\\OneDrive\\Desktop\\GitHub Repos\\next-nebula-starter\\app\\lib\\supabase\\server.ts": {"path":"C:\\Users\\johnw\\OneDrive\\Desktop\\GitHub Repos\\next-nebula-starter\\app\\lib\\supabase\\server.ts","statementMap":{"0":{"start":{"line":5,"column":13},"end":{"line":5,"column":36}},"1":{"start":{"line":1,"column":35},"end":{"line":1,"column":null}},"2":{"start":{"line":2,"column":24},"end":{"line":2,"column":null}},"3":{"start":{"line":5,"column":36},"end":{"line":29,"column":null}},"4":{"start":{"line":6,"column":22},"end":{"line":6,"column":null}},"5":{"start":{"line":8,"column":2},"end":{"line":28,"column":null}},"6":{"start":{"line":11,"column":8},"end":{"line":11,"column":null}},"7":{"start":{"line":14,"column":8},"end":{"line":18,"column":null}},"8":{"start":{"line":15,"column":10},"end":{"line":15,"column":null}},"9":{"start":{"line":21,"column":8},"end":{"line":25,"column":null}},"10":{"start":{"line":22,"column":10},"end":{"line":22,"column":null}}},"fnMap":{"0":{"name":"(anonymous_1)","decl":{"start":{"line":5,"column":36},"end":{"line":5,"column":null}},"loc":{"start":{"line":5,"column":36},"end":{"line":29,"column":null}}},"1":{"name":"(anonymous_2)","decl":{"start":{"line":10,"column":6},"end":{"line":10,"column":10}},"loc":{"start":{"line":10,"column":22},"end":{"line":12,"column":null}}},"2":{"name":"(anonymous_3)","decl":{"start":{"line":13,"column":6},"end":{"line":13,"column":10}},"loc":{"start":{"line":13,"column":51},"end":{"line":19,"column":null}}},"3":{"name":"(anonymous_4)","decl":{"start":{"line":20,"column":6},"end":{"line":20,"column":13}},"loc":{"start":{"line":20,"column":39},"end":{"line":26,"column":null}}}},"branchMap":{},"s":{"0":0,"1":0,"2":0,"3":0,"4":0,"5":0,"6":0,"7":0,"8":0,"9":0,"10":0},"f":{"0":0,"1":0,"2":0,"3":0},"b":{}}
,"C:\\Users\\johnw\\OneDrive\\Desktop\\GitHub Repos\\next-nebula-starter\\app\\settings\\settings-content.tsx": {"path":"C:\\Users\\johnw\\OneDrive\\Desktop\\GitHub Repos\\next-nebula-starter\\app\\settings\\settings-content.tsx","statementMap":{"0":{"start":{"line":7,"column":16},"end":{"line":7,"column":null}},"1":{"start":{"line":3,"column":27},"end":{"line":3,"column":null}},"2":{"start":{"line":4,"column":74},"end":{"line":4,"column":null}},"3":{"start":{"line":5,"column":28},"end":{"line":5,"column":null}}},"fnMap":{"0":{"name":"SettingsContent","decl":{"start":{"line":7,"column":16},"end":{"line":7,"column":null}},"loc":{"start":{"line":7,"column":16},"end":{"line":40,"column":null}}}},"branchMap":{},"s":{"0":0,"1":0,"2":0,"3":0},"f":{"0":0},"b":{}}
,"C:\\Users\\johnw\\OneDrive\\Desktop\\GitHub Repos\\next-nebula-starter\\app\\team\\team-content.tsx": {"path":"C:\\Users\\johnw\\OneDrive\\Desktop\\GitHub Repos\\next-nebula-starter\\app\\team\\team-content.tsx","statementMap":{"0":{"start":{"line":34,"column":24},"end":{"line":34,"column":null}},"1":{"start":{"line":3,"column":74},"end":{"line":3,"column":null}},"2":{"start":{"line":4,"column":23},"end":{"line":4,"column":null}},"3":{"start":{"line":5,"column":52},"end":{"line":5,"column":null}},"4":{"start":{"line":6,"column":28},"end":{"line":6,"column":null}},"5":{"start":{"line":7,"column":47},"end":{"line":7,"column":null}},"6":{"start":{"line":8,"column":89},"end":{"line":8,"column":null}},"7":{"start":{"line":10,"column":20},"end":{"line":32,"column":null}},"8":{"start":{"line":54,"column":14},"end":{"line":54,"column":38}}},"fnMap":{"0":{"name":"TeamContent","decl":{"start":{"line":34,"column":24},"end":{"line":34,"column":null}},"loc":{"start":{"line":34,"column":24},"end":{"line":116,"column":null}}},"1":{"name":"(anonymous_2)","decl":{"start":{"line":53,"column":29},"end":{"line":53,"column":30}},"loc":{"start":{"line":54,"column":14},"end":{"line":54,"column":38}}}},"branchMap":{},"s":{"0":0,"1":0,"2":0,"3":0,"4":0,"5":0,"6":0,"7":0,"8":0},"f":{"0":0,"1":0},"b":{}}
}
